<?xml version="1.0" encoding="UTF-8"?>
<!-- Generated by org.testng.reporters.JUnitXMLReporter -->
<testsuite hostname="satyam-PC" ignored="1" name="Default test" tests="1" failures="0" timestamp="12 Jan 2020 04:55:42 GMT" time="48.728" errors="0">
  <testcase name="AddProductToCart" time="16.215" classname="com.tc.TC_Seacrh"/>
  <testcase name="SeacrhproductWithProductKey" time="0.0" classname="com.tc.TC_Seacrh">
    <ignored/>
  </testcase> <!-- SeacrhproductWithProductKey -->
</testsuite> <!-- Default test -->
