<?xml version="1.0" encoding="UTF-8"?>
<!-- Generated by org.testng.reporters.JUnitXMLReporter -->
<testsuite hostname="satyam-PC" ignored="0" name="AddItemToCartTest" tests="3" failures="0" timestamp="11 Jan 2020 19:58:50 GMT" time="137.817" errors="0">
  <testcase name="seacrhProductWithKeyword" time="7.275" classname="com.tc.TC_SearchProduct"/>
  <testcase name="AddProductToCart" time="18.885" classname="com.tc.TC_SearchProduct"/>
  <testcase name="AddProductToCart" time="26.458" classname="com.tc.TC_SearchProduct"/>
</testsuite> <!-- AddItemToCartTest -->
