<?xml version="1.0" encoding="UTF-8"?>
<testng-results skipped="0" failed="0" ignored="0" total="1" passed="1">
  <reporter-output>
  </reporter-output>
  <suite name="Default suite" duration-ms="90500" started-at="2020-02-08T12:23:48Z" finished-at="2020-02-08T12:25:18Z">
    <groups>
    </groups>
    <test name="Default test" duration-ms="90500" started-at="2020-02-08T12:23:48Z" finished-at="2020-02-08T12:25:18Z">
      <class name="po.Verifyfacebook">
        <test-method status="PASS" signature="verifylogin()[pri:0, instance:po.Verifyfacebook@1794d431]" name="verifylogin" duration-ms="90368" started-at="2020-02-08T12:23:48Z" finished-at="2020-02-08T12:25:18Z">
          <reporter-output>
          </reporter-output>
        </test-method> <!-- verifylogin -->
      </class> <!-- po.Verifyfacebook -->
    </test> <!-- Default test -->
  </suite> <!-- Default suite -->
</testng-results>
