<?xml version="1.0" encoding="UTF-8"?>
<testng-results skipped="0" failed="0" ignored="0" total="1" passed="1">
  <reporter-output>
  </reporter-output>
  <suite name="Default suite" duration-ms="16931" started-at="2020-01-22T20:39:32 IST" finished-at="2020-01-22T20:39:49 IST">
    <groups>
    </groups>
    <test name="Default test" duration-ms="16931" started-at="2020-01-22T20:39:32 IST" finished-at="2020-01-22T20:39:49 IST">
      <class name="guru99TakeScreenshot.Guru99TakeScreenshot">
        <test-method status="PASS" signature="testGuru99TakeScreenShot()[pri:0, instance:guru99TakeScreenshot.Guru99TakeScreenshot@46238e3f]" name="testGuru99TakeScreenShot" duration-ms="16852" started-at="2020-01-22T20:39:32 IST" finished-at="2020-01-22T20:39:49 IST">
          <reporter-output>
          </reporter-output>
        </test-method> <!-- testGuru99TakeScreenShot -->
      </class> <!-- guru99TakeScreenshot.Guru99TakeScreenshot -->
    </test> <!-- Default test -->
  </suite> <!-- Default suite -->
</testng-results>
